\BOOKMARK [0][-]{chapter.1}{Introducci\363n}{}% 1
\BOOKMARK [1][-]{section.1.1}{Teor\355a computacional de la mente}{chapter.1}% 2
\BOOKMARK [1][-]{section.1.2}{Lenguaje del pensamiento}{chapter.1}% 3
\BOOKMARK [2][-]{subsection.1.2.1}{Gram\341ticas}{section.1.2}% 4
\BOOKMARK [2][-]{subsection.1.2.2}{Composici\363n}{section.1.2}% 5
\BOOKMARK [3][-]{subsubsection.1.2.2.1}{Longitud M\355nima de Descripci\363n}{subsection.1.2.2}% 6
\BOOKMARK [3][-]{subsubsection.1.2.2.2}{Ciencia Cognitiva Bayesiana}{subsection.1.2.2}% 7
\BOOKMARK [0][-]{chapter.2}{Lenguaje del pensamiento en secuencias binarias}{}% 8
\BOOKMARK [1][-]{section.2.1}{Trabajos Previos}{chapter.2}% 9
\BOOKMARK [1][-]{section.2.2}{Modelo}{chapter.2}% 10
\BOOKMARK [1][-]{section.2.3}{Experimento}{chapter.2}% 11
\BOOKMARK [1][-]{section.2.4}{Resultados}{chapter.2}% 12
\BOOKMARK [1][-]{section.2.5}{Discusi\363n}{chapter.2}% 13
\BOOKMARK [0][-]{chapter.3}{Validaci\363n bayesiana de gram\341ticas para el lenguaje del pensamiento}{}% 14
\BOOKMARK [1][-]{section.3.1}{M\351todo}{chapter.3}% 15
\BOOKMARK [1][-]{section.3.2}{Aplicaci\363n al lenguaje de geometr\355a}{chapter.3}% 16
\BOOKMARK [1][-]{section.3.3}{Resultados}{chapter.3}% 17
\BOOKMARK [1][-]{section.3.4}{Discusi\363n}{chapter.3}% 18
\BOOKMARK [1][-]{section.3.5}{Anexo: Probando el teorema de codificaci\363n}{chapter.3}% 19
\BOOKMARK [0][-]{chapter.4}{Actualizaci\363n bayesiana de gram\341ticas para el lenguaje del pensamiento}{}% 20
\BOOKMARK [1][-]{section.4.1}{M\351todo}{chapter.4}% 21
\BOOKMARK [2][-]{subsection.4.1.1}{Lenguaje l\363gico}{section.4.1}% 22
\BOOKMARK [2][-]{subsection.4.1.2}{Modelo libre}{section.4.1}% 23
\BOOKMARK [2][-]{subsection.4.1.3}{Modelo est\341tico}{section.4.1}% 24
\BOOKMARK [2][-]{subsection.4.1.4}{Modelo din\341mico}{section.4.1}% 25
\BOOKMARK [1][-]{section.4.2}{Experimento}{chapter.4}% 26
\BOOKMARK [1][-]{section.4.3}{Resultados}{chapter.4}% 27
\BOOKMARK [1][-]{section.4.4}{Discusi\363n}{chapter.4}% 28
\BOOKMARK [0][-]{chapter.5}{Un nuevo marco para estudiar los sesgos de aprendizaje de conceptos en el lenguaje del pensamiento}{}% 29
\BOOKMARK [1][-]{section.5.1}{M\351todo}{chapter.5}% 30
\BOOKMARK [2][-]{subsection.5.1.1}{Experimento}{section.5.1}% 31
\BOOKMARK [2][-]{subsection.5.1.2}{Representaci\363n}{section.5.1}% 32
\BOOKMARK [2][-]{subsection.5.1.3}{Hip\363tesis}{section.5.1}% 33
\BOOKMARK [1][-]{section.5.2}{Resultados}{chapter.5}% 34
\BOOKMARK [1][-]{section.5.3}{Discusi\363n}{chapter.5}% 35
\BOOKMARK [0][-]{chapter.6}{BORRAR: Validaci\363n bayesiana de producciones gramaticales para el lenguaje del pensamiento}{}% 36
\BOOKMARK [1][-]{section.6.1}{Introducci\363n}{chapter.6}% 37
\BOOKMARK [1][-]{section.6.2}{Inferencia Bayesiana para las producciones del LoT}{chapter.6}% 38
\BOOKMARK [1][-]{section.6.3}{El lenguaje de geometr\355a: Geo}{chapter.6}% 39
\BOOKMARK [2][-]{subsection.6.3.1}{Experimento original de Geo}{section.6.3}% 40
\BOOKMARK [2][-]{subsection.6.3.2}{Extendiendo la gram\341tica de Geo}{section.6.3}% 41
\BOOKMARK [2][-]{subsection.6.3.3}{Resultados de inferencia para Geo}{section.6.3}% 42
\BOOKMARK [1][-]{section.6.4}{Teorema de codificaci\363n}{chapter.6}% 43
\BOOKMARK [2][-]{subsection.6.4.1}{La definici\363n formal}{section.6.4}% 44
\BOOKMARK [2][-]{subsection.6.4.2}{Probando el teorema de codificaci\363n para Geo}{section.6.4}% 45
\BOOKMARK [2][-]{subsection.6.4.3}{Resultados del Teorema de Codificaci\363n}{section.6.4}% 46
\BOOKMARK [1][-]{section.6.5}{Discusi\363n}{chapter.6}% 47
\BOOKMARK [0][-]{chapter.7}{BORRAR: Hacia un lenguaje del pensamiento m\341s flexible: Actualizaciones bayesianas de la gram\341tica tras la exposici\363n a cada concepto}{}% 48
\BOOKMARK [1][-]{section.7.1}{Introducci\363n}{chapter.7}% 49
\BOOKMARK [1][-]{section.7.2}{La configuraci\363n Booleana}{chapter.7}% 50
\BOOKMARK [1][-]{section.7.3}{Experimento}{chapter.7}% 51
\BOOKMARK [1][-]{section.7.4}{Model-Free Results}{chapter.7}% 52
\BOOKMARK [1][-]{section.7.5}{Model}{chapter.7}% 53
\BOOKMARK [2][-]{subsection.7.5.1}{Static Model}{section.7.5}% 54
\BOOKMARK [2][-]{subsection.7.5.2}{Dynamic Model}{section.7.5}% 55
\BOOKMARK [1][-]{section.7.6}{Results}{chapter.7}% 56
\BOOKMARK [1][-]{section.7.7}{Discussion}{chapter.7}% 57
\BOOKMARK [1][-]{section.7.8}{Conclusion}{chapter.7}% 58
\BOOKMARK [0][-]{chapter.8}{Un marco l\363gico para estudiar aprendizaje de conceptos en presencia de explicaciones m\372ltiples}{}% 59
\BOOKMARK [1][-]{section.8.1}{Resumen ======= mandar arriba =======}{chapter.8}% 60
\BOOKMARK [1][-]{section.8.2}{Introducci\363n}{chapter.8}% 61
\BOOKMARK [1][-]{section.8.3}{Experimento}{chapter.8}% 62
\BOOKMARK [2][-]{subsection.8.3.1}{Participantes}{section.8.3}% 63
\BOOKMARK [2][-]{subsection.8.3.2}{Configuraci\363n del experimento}{section.8.3}% 64
\BOOKMARK [2][-]{subsection.8.3.3}{Ensayos experimentales}{section.8.3}% 65
\BOOKMARK [1][-]{section.8.4}{Metodolog\355a}{chapter.8}% 66
\BOOKMARK [2][-]{subsection.8.4.1}{Pre-registro y datos}{section.8.4}% 67
\BOOKMARK [2][-]{subsection.8.4.2}{Detalles de representaci\363n}{section.8.4}% 68
\BOOKMARK [2][-]{subsection.8.4.3}{Detalles de la estructura del experimento}{section.8.4}% 69
\BOOKMARK [3][-]{subsubsection.8.4.3.1}{Introducci\363n y explicaci\363n}{subsection.8.4.3}% 70
\BOOKMARK [3][-]{subsubsection.8.4.3.2}{La fase de aprendizaje}{subsection.8.4.3}% 71
\BOOKMARK [3][-]{subsubsection.8.4.3.3}{La fase de entrenamiento\205feedback}{subsection.8.4.3}% 72
\BOOKMARK [3][-]{subsubsection.8.4.3.4}{La fase de generalizaci\363n}{subsection.8.4.3}% 73
\BOOKMARK [2][-]{subsection.8.4.4}{Notas sobre el dise\361o del experimento}{section.8.4}% 74
\BOOKMARK [1][-]{section.8.5}{Resultados}{chapter.8}% 75
\BOOKMARK [2][-]{subsection.8.5.1}{Hip\363tesis I}{section.8.5}% 76
\BOOKMARK [2][-]{subsection.8.5.2}{Hip\363tesis II}{section.8.5}% 77
\BOOKMARK [2][-]{subsection.8.5.3}{Hip\363tesis III}{section.8.5}% 78
\BOOKMARK [2][-]{subsection.8.5.4}{Hip\363tesis IV}{section.8.5}% 79
\BOOKMARK [2][-]{subsection.8.5.5}{El sesgo de MDL}{section.8.5}% 80
\BOOKMARK [1][-]{section.8.6}{Discusi\363n}{chapter.8}% 81
\BOOKMARK [0][-]{chapter.9}{BORRAR: A theory of memory for binary sequences: Evidence for a mental compression algorithm in humans}{}% 82
\BOOKMARK [0][-]{appendix.Alph1}{Ap\351ndice del Cap\355tulo 6}{}% 83
\BOOKMARK [1][-]{section.Alph1.1}{Informaci\363n de soporte}{appendix.Alph1}% 84
\BOOKMARK [0][-]{appendix.Alph2}{Ap\351ndice del Cap\355tulo 8}{}% 85
\BOOKMARK [1][-]{section.Alph2.1}{Criterios de exclusi\363n y tratamiento de datos}{appendix.Alph2}% 86
\BOOKMARK [1][-]{section.Alph2.2}{Prueba piloto}{appendix.Alph2}% 87
\BOOKMARK [1][-]{section.Alph2.3}{Resultados t\351cnicos}{appendix.Alph2}% 88
\BOOKMARK [0][-]{appendix*.65}{Bibliograf\355a}{}% 89
